<?xml version="1.0" encoding="UTF-8"?>
<testsuite xmlns:xsi="http://www.w3.org/2001/XMLSchema-instance" xsi:noNamespaceSchemaLocation="https://maven.apache.org/surefire/maven-surefire-plugin/xsd/surefire-test-report.xsd" version="3.0.2" name="com.network.iso8583.MessageFactoryTest" time="0.122" tests="3" errors="0" skipped="0" failures="0">
  <properties>
[...]
</properties>
  <testcase name="maskPan_correctlyMasks" classname="com.network.iso8583.MessageFactoryTest" time="0.076"/>
  <testcase name="packAndUnpack_roundtrip" classname="com.network.iso8583.MessageFactoryTest" time="0.02"/>
  <testcase name="buildResponse_setsCorrectMti" classname="com.network.iso8583.MessageFactoryTest" time="0.009"/>
</testsuite>