<?xml version="1.0" encoding="UTF-8"?>
<testsuite xmlns:xsi="http://www.w3.org/2001/XMLSchema-instance" xsi:noNamespaceSchemaLocation="https://maven.apache.org/surefire/maven-surefire-plugin/xsd/surefire-test-report.xsd" version="3.0.2" name="com.network.gateway.GatewayIntegrationTest" time="10.702" tests="2" errors="0" skipped="0" failures="0">
  <properties>
[...]
</properties>
  <testcase name="gateway_acceptsTcpConnection" classname="com.network.gateway.GatewayIntegrationTest" time="2.022">
    <system-out><![CDATA[08:11:11.142 [main] INFO org.springframework.test.context.support.AnnotationConfigContextLoaderUtils -- Could not detect default configuration classes for test class [com.network.gateway.GatewayIntegrationTest]: GatewayIntegrationTest does not declare any static, non-private, non-final, nested classes annotated with @Configuration.
08:11:11.220 [main] INFO org.springframework.boot.test.context.SpringBootTestContextBootstrapper -- Found @SpringBootConfiguration com.network.CardNetworkApplication for test class com.network.gateway.GatewayIntegrationTest
08:11:11.304 [main] INFO org.testcontainers.images.PullPolicy -- Image pull policy will be performed by: DefaultPullPolicy()
08:11:11.305 [main] INFO org.testcontainers.utility.ImageNameSubstitutor -- Image name substitution will be performed by: DefaultImageNameSubstitutor (composite of 'ConfigurationFileImageNameSubstitutor' and 'PrefixingImageNameSubstitutor')
08:11:11.310 [main] INFO org.testcontainers.DockerClientFactory -- Testcontainers version: 1.20.5
08:11:11.592 [main] INFO org.testcontainers.dockerclient.DockerClientProviderStrategy -- Found Docker environment with Environment variables, system properties and defaults. Resolved dockerHost=unix:///Users/romagol/.colima/default/docker.sock
08:11:11.592 [main] INFO org.testcontainers.DockerClientFactory -- Docker host IP address is localhost
08:11:11.603 [main] INFO org.testcontainers.DockerClientFactory -- Connected to docker: 
  Server Version: 29.2.1
  API Version: 1.53
  Operating System: Ubuntu 24.04.4 LTS
  Total Memory: 3905 MB
08:11:11.605 [main] WARN org.testcontainers.utility.ResourceReaper -- 
********************************************************************************
Ryuk has been disabled. This can cause unexpected behavior in your environment.
********************************************************************************
08:11:11.607 [main] INFO org.testcontainers.DockerClientFactory -- Checking the system...
08:11:11.607 [main] INFO org.testcontainers.DockerClientFactory -- ✔︎ Docker server version should be at least 1.6.0
08:11:11.661 [main] INFO tc.postgres:16 -- Creating container for image: postgres:16
08:11:11.780 [main] INFO tc.postgres:16 -- Container postgres:16 is starting: 4a7cc8d05bffd5c540935811ad2c720ab96a5ce781aa934440e26faab28b2561
08:11:12.871 [main] INFO tc.postgres:16 -- Container postgres:16 started in PT1.209504S
08:11:12.871 [main] INFO tc.postgres:16 -- Container is started (JDBC URL: jdbc:postgresql://localhost:32780/cardnetwork?loggerLevel=OFF)

  .   ____          _            __ _ _
 /\\ / ___'_ __ _ _(_)_ __  __ _ \ \ \ \
( ( )\___ | '_ | '_| | '_ \/ _` | \ \ \ \
 \\/  ___)| |_)| | | | | || (_| |  ) ) ) )
  '  |____| .__|_| |_|_| |_\__, | / / / /
 =========|_|==============|___/=/_/_/_/

 :: Spring Boot ::                (v3.4.3)

2026-03-01T08:11:13.078-05:00  INFO 15339 --- [card-network] [           main] c.n.gateway.GatewayIntegrationTest       : Starting GatewayIntegrationTest using Java 21.0.6 with PID 15339 (started by romagol in /Users/romagol/AppDev/MyNetworkApp/card-network)
2026-03-01T08:11:13.079-05:00  INFO 15339 --- [card-network] [           main] c.n.gateway.GatewayIntegrationTest       : No active profile set, falling back to 1 default profile: "default"
2026-03-01T08:11:13.527-05:00  INFO 15339 --- [card-network] [           main] .s.d.r.c.RepositoryConfigurationDelegate : Bootstrapping Spring Data JPA repositories in DEFAULT mode.
2026-03-01T08:11:13.588-05:00  INFO 15339 --- [card-network] [           main] .s.d.r.c.RepositoryConfigurationDelegate : Finished Spring Data repository scanning in 53 ms. Found 9 JPA repository interfaces.
2026-03-01T08:11:14.015-05:00  INFO 15339 --- [card-network] [           main] o.s.b.w.embedded.tomcat.TomcatWebServer  : Tomcat initialized with port 0 (http)
2026-03-01T08:11:14.026-05:00  INFO 15339 --- [card-network] [           main] o.apache.catalina.core.StandardService   : Starting service [Tomcat]
2026-03-01T08:11:14.027-05:00  INFO 15339 --- [card-network] [           main] o.apache.catalina.core.StandardEngine    : Starting Servlet engine: [Apache Tomcat/10.1.36]
2026-03-01T08:11:14.069-05:00  INFO 15339 --- [card-network] [           main] o.a.c.c.C.[Tomcat].[localhost].[/]       : Initializing Spring embedded WebApplicationContext
2026-03-01T08:11:14.070-05:00  INFO 15339 --- [card-network] [           main] w.s.c.ServletWebServerApplicationContext : Root WebApplicationContext: initialization completed in 976 ms
2026-03-01T08:11:14.257-05:00  INFO 15339 --- [card-network] [           main] com.zaxxer.hikari.HikariDataSource       : HikariPool-1 - Starting...
2026-03-01T08:11:14.407-05:00  INFO 15339 --- [card-network] [           main] com.zaxxer.hikari.pool.HikariPool        : HikariPool-1 - Added connection org.postgresql.jdbc.PgConnection@1bd5b1c8
2026-03-01T08:11:14.408-05:00  INFO 15339 --- [card-network] [           main] com.zaxxer.hikari.HikariDataSource       : HikariPool-1 - Start completed.
2026-03-01T08:11:14.435-05:00  INFO 15339 --- [card-network] [           main] org.flywaydb.core.FlywayExecutor         : Database: jdbc:postgresql://localhost:32780/cardnetwork?loggerLevel=OFF (PostgreSQL 16.13)
2026-03-01T08:11:14.471-05:00  INFO 15339 --- [card-network] [           main] o.f.c.i.s.JdbcTableSchemaHistory         : Schema history table "public"."flyway_schema_history" does not exist yet
2026-03-01T08:11:14.474-05:00  INFO 15339 --- [card-network] [           main] o.f.core.internal.command.DbValidate     : Successfully validated 6 migrations (execution time 00:00.017s)
2026-03-01T08:11:14.488-05:00  INFO 15339 --- [card-network] [           main] o.f.c.i.s.JdbcTableSchemaHistory         : Creating Schema History table "public"."flyway_schema_history" ...
2026-03-01T08:11:14.584-05:00  INFO 15339 --- [card-network] [           main] o.f.core.internal.command.DbMigrate      : Current version of schema "public": << Empty Schema >>
2026-03-01T08:11:14.593-05:00  INFO 15339 --- [card-network] [           main] o.f.core.internal.command.DbMigrate      : Migrating schema "public" to version "1 - create participants"
2026-03-01T08:11:14.628-05:00  INFO 15339 --- [card-network] [           main] o.f.core.internal.command.DbMigrate      : Migrating schema "public" to version "2 - create bin ranges"
2026-03-01T08:11:14.652-05:00  INFO 15339 --- [card-network] [           main] o.f.core.internal.command.DbMigrate      : Migrating schema "public" to version "3 - create transactions"
2026-03-01T08:11:14.678-05:00  INFO 15339 --- [card-network] [           main] o.f.core.internal.command.DbMigrate      : Migrating schema "public" to version "4 - create clearing"
2026-03-01T08:11:14.698-05:00  INFO 15339 --- [card-network] [           main] o.f.core.internal.command.DbMigrate      : Migrating schema "public" to version "5 - create settlement"
2026-03-01T08:11:14.715-05:00  INFO 15339 --- [card-network] [           main] o.f.core.internal.command.DbMigrate      : Migrating schema "public" to version "6 - create fraud"
2026-03-01T08:11:14.736-05:00  INFO 15339 --- [card-network] [           main] o.f.core.internal.command.DbMigrate      : Successfully applied 6 migrations to schema "public", now at version v6 (execution time 00:00.064s)
2026-03-01T08:11:14.804-05:00  INFO 15339 --- [card-network] [           main] o.hibernate.jpa.internal.util.LogHelper  : HHH000204: Processing PersistenceUnitInfo [name: default]
2026-03-01T08:11:14.837-05:00  INFO 15339 --- [card-network] [           main] org.hibernate.Version                    : HHH000412: Hibernate ORM core version 6.6.8.Final
2026-03-01T08:11:14.857-05:00  INFO 15339 --- [card-network] [           main] o.h.c.internal.RegionFactoryInitiator    : HHH000026: Second-level cache disabled
2026-03-01T08:11:14.933-05:00  INFO 15339 --- [card-network] [           main] o.s.o.j.p.SpringPersistenceUnitInfo      : No LoadTimeWeaver setup: ignoring JPA class transformer
2026-03-01T08:11:14.963-05:00  WARN 15339 --- [card-network] [           main] org.hibernate.orm.deprecation            : HHH90000025: PostgreSQLDialect does not need to be specified explicitly using 'hibernate.dialect' (remove the property setting and it will be selected by default)
2026-03-01T08:11:14.971-05:00  INFO 15339 --- [card-network] [           main] org.hibernate.orm.connections.pooling    : HHH10001005: Database info:
	Database JDBC URL [Connecting through datasource 'HikariDataSource (HikariPool-1)']
	Database driver: undefined/unknown
	Database version: 16.13
	Autocommit mode: undefined/unknown
	Isolation level: undefined/unknown
	Minimum pool size: undefined/unknown
	Maximum pool size: undefined/unknown
2026-03-01T08:11:15.432-05:00  INFO 15339 --- [card-network] [           main] o.h.e.t.j.p.i.JtaPlatformInitiator       : HHH000489: No JTA platform available (set 'hibernate.transaction.jta.platform' to enable JTA platform integration)
2026-03-01T08:11:15.457-05:00  INFO 15339 --- [card-network] [           main] j.LocalContainerEntityManagerFactoryBean : Initialized JPA EntityManagerFactory for persistence unit 'default'
2026-03-01T08:11:15.621-05:00  INFO 15339 --- [card-network] [           main] o.s.d.j.r.query.QueryEnhancerFactory     : Hibernate is in classpath; If applicable, HQL parser will be used.
2026-03-01T08:11:16.541-05:00  WARN 15339 --- [card-network] [           main] o.s.aop.framework.CglibAopProxy          : Unable to proxy interface-implementing method [public final void io.netty.channel.ChannelInitializer.channelRegistered(io.netty.channel.ChannelHandlerContext) throws java.lang.Exception] because it is marked as final, consider using interface-based JDK proxies instead.
2026-03-01T08:11:16.663-05:00  INFO 15339 --- [card-network] [           main] com.network.gateway.GatewayServer        : ISO 8583 Gateway listening on port 18583
2026-03-01T08:11:16.686-05:00  WARN 15339 --- [card-network] [           main] JpaBaseConfiguration$JpaWebConfiguration : spring.jpa.open-in-view is enabled by default. Therefore, database queries may be performed during view rendering. Explicitly configure spring.jpa.open-in-view to disable this warning
2026-03-01T08:11:16.704-05:00  INFO 15339 --- [card-network] [           main] r$InitializeUserDetailsManagerConfigurer : Global AuthenticationManager configured with UserDetailsService bean with name inMemoryUserDetailsManager
2026-03-01T08:11:17.560-05:00  INFO 15339 --- [card-network] [           main] o.s.b.w.embedded.tomcat.TomcatWebServer  : Tomcat started on port 49769 (http) with context path '/'
2026-03-01T08:11:17.569-05:00  INFO 15339 --- [card-network] [           main] c.n.gateway.GatewayIntegrationTest       : Started GatewayIntegrationTest in 4.678 seconds (process running for 8.374)
]]></system-out>
  </testcase>
  <testcase name="gateway_respondsToNetworkManagement_withSignOn" classname="com.network.gateway.GatewayIntegrationTest" time="2.043">
    <system-out><![CDATA[2026-03-01T08:11:19.614-05:00  INFO 15339 --- [card-network] [ntLoopGroup-4-1] c.network.gateway.GatewayMessageHandler  : Channel disconnected: /127.0.0.1:49770
2026-03-01T08:11:21.614-05:00  INFO 15339 --- [card-network] [ntLoopGroup-4-2] c.n.t.NetworkManagementService           : NMC=001 from acquirerCode=553413101
2026-03-01T08:11:21.628-05:00  WARN 15339 --- [card-network] [ntLoopGroup-4-2] c.n.t.NetworkManagementService           : Sign-on rejected for unknown/inactive participant: 553413101
2026-03-01T08:11:21.635-05:00  INFO 15339 --- [card-network] [ntLoopGroup-4-2] c.network.gateway.GatewayMessageHandler  : Channel disconnected: /127.0.0.1:49771
]]></system-out>
  </testcase>
</testsuite>